#
# A fatal error has been detected by the Java Runtime Environment:
#
#  Internal Error (javaClasses.cpp:137), pid=6232, tid=8468
#  fatal error: Invalid layout of preloaded class
#
# JRE version:  (7.0_80-b15) (build )
# Java VM: Java HotSpot(TM) 64-Bit Server VM (24.80-b11 mixed mode windows-amd64 compressed oops)
# Failed to write core dump. Minidumps are not enabled by default on client versions of Windows
#
# If you would like to submit a bug report, please visit:
#   http://bugreport.java.com/bugreport/crash.jsp
#

---------------  T H R E A D  ---------------

Current thread (0x00000000024e8000):  JavaThread "Unknown thread" [_thread_in_vm, id=8468, stack(0x0000000002940000,0x0000000002a40000)]

Stack: [0x0000000002940000,0x0000000002a40000]
[error occurred during error reporting (printing stack bounds), id 0xc0000005]


---------------  P R O C E S S  ---------------

Java Threads: ( => current thread )

Other Threads:

=>0x00000000024e8000 (exited) JavaThread "Unknown thread" [_thread_in_vm, id=8468, stack(0x0000000002940000,0x0000000002a40000)]

VM state:not at safepoint (not fully initialized)

VM Mutex/Monitor currently owned by a thread: None

GC Heap History (0 events):
No events

Deoptimization events (0 events):
No events

Internal exceptions (0 events):
No events

Events (10 events):
Event: 0.012 loading class 0x000000000252ce80 done
Event: 0.012 loading class 0x000000000252c880 done
Event: 0.012 loading class 0x000000000252c860
Event: 0.012 loading class 0x00000000025349d0
Event: 0.012 loading class 0x00000000025349d0 done
Event: 0.012 loading class 0x0000000002534a00
Event: 0.012 loading class 0x0000000002534a00 done
Event: 0.012 loading class 0x0000000002534a30
Event: 0.012 loading class 0x0000000002534a30 done
Event: 0.012 loading class 0x000000000252c860 done


Dynamic libraries:
0x000000013f310000 - 0x000000013f343000 	C:\Program Files\Java\jre7\bin\javaw.exe
0x0000000076dd0000 - 0x0000000076f7a000 	C:\Windows\SYSTEM32\ntdll.dll
0x0000000076bb0000 - 0x0000000076ccf000 	C:\Windows\system32\kernel32.dll
0x000007fefcdc0000 - 0x000007fefce2a000 	C:\Windows\system32\KERNELBASE.dll
0x000007fefd3c0000 - 0x000007fefd49b000 	C:\Windows\system32\ADVAPI32.dll
0x000007fefdb50000 - 0x000007fefdbef000 	C:\Windows\system32\msvcrt.dll
0x000007fefd770000 - 0x000007fefd78f000 	C:\Windows\SYSTEM32\sechost.dll
0x000007fefdbf0000 - 0x000007fefdd1d000 	C:\Windows\system32\RPCRT4.dll
0x0000000076cd0000 - 0x0000000076dca000 	C:\Windows\system32\USER32.dll
0x000007fefd700000 - 0x000007fefd767000 	C:\Windows\system32\GDI32.dll
0x000007fefce90000 - 0x000007fefce9e000 	C:\Windows\system32\LPK.dll
0x000007fefd250000 - 0x000007fefd31b000 	C:\Windows\system32\USP10.dll
0x000007fefbaf0000 - 0x000007fefbce4000 	C:\Windows\WinSxS\amd64_microsoft.windows.common-controls_6595b64144ccf1df_6.0.7601.17514_none_fa396087175ac9ac\COMCTL32.dll
0x000007fefe000000 - 0x000007fefe071000 	C:\Windows\system32\SHLWAPI.dll
0x000007fefdb20000 - 0x000007fefdb4e000 	C:\Windows\system32\IMM32.DLL
0x000007fefd4a0000 - 0x000007fefd5a9000 	C:\Windows\system32\MSCTF.dll
0x0000000051020000 - 0x00000000510f2000 	C:\Program Files\Java\jre7\bin\msvcr100.dll
0x0000000050840000 - 0x0000000051019000 	C:\Program Files\Java\jre7\bin\server\jvm.dll
0x000007fef8ae0000 - 0x000007fef8ae9000 	C:\Windows\system32\WSOCK32.dll
0x000007fefd610000 - 0x000007fefd65d000 	C:\Windows\system32\WS2_32.dll
0x000007fefce80000 - 0x000007fefce88000 	C:\Windows\system32\NSI.dll
0x000007fefaaf0000 - 0x000007fefab2b000 	C:\Windows\system32\WINMM.dll
0x0000000076fa0000 - 0x0000000076fa7000 	C:\Windows\system32\PSAPI.DLL
0x000000006abf0000 - 0x000000006abff000 	C:\Program Files\Java\jre7\bin\verify.dll
0x0000000050810000 - 0x0000000050838000 	C:\Program Files\Java\jre7\bin\java.dll
0x0000000051310000 - 0x0000000051326000 	C:\Program Files\Java\jre7\bin\zip.dll

VM Arguments:
jvm_args: -Dfile.encoding=GBK -Xbootclasspath:D:\adt-bundle-windows-x86_64-20131030\sdk\platforms\android-19\android.jar 
java_command: com.exam.longtian.util.TestDemo
Launcher Type: SUN_STANDARD

Environment Variables:
JAVA_HOME=D:\java\jdk1.7.0_80
CLASSPATH=.;D:\java\jdk1.7.0_80\lib;D:\java\jdk1.7.0_80\lib\tools.jar
USERNAME=Administrator
OS=Windows_NT
PROCESSOR_IDENTIFIER=Intel64 Family 6 Model 60 Stepping 3, GenuineIntel



---------------  S Y S T E M  ---------------

OS: Windows 7 , 64 bit Build 7601 Service Pack 1

CPU:total 4 (4 cores per cpu, 1 threads per core) family 6 model 60 stepping 3, cmov, cx8, fxsr, mmx, sse, sse2, sse3, ssse3, sse4.1, sse4.2, popcnt, avx, avx2, aes, erms, tsc, tscinvbit

Memory: 4k page, physical 8286700k(3858752k free), swap 16571540k(11263848k free)

vm_info: Java HotSpot(TM) 64-Bit Server VM (24.80-b11) for windows-amd64 JRE (1.7.0_80-b15), built on Apr 10 2015 11:26:34 by "java_re" with unknown MS VC++:1600

time: Fri Jan 26 09:49:15 2018
elapsed time: 0 seconds

