#
# A fatal error has been detected by the Java Runtime Environment:
#
#  Internal Error (javaClasses.cpp:137), pid=10984, tid=8288
#  fatal error: Invalid layout of preloaded class
#
# JRE version:  (7.0_80-b15) (build )
# Java VM: Java HotSpot(TM) 64-Bit Server VM (24.80-b11 mixed mode windows-amd64 compressed oops)
# Failed to write core dump. Minidumps are not enabled by default on client versions of Windows
#
# If you would like to submit a bug report, please visit:
#   http://bugreport.java.com/bugreport/crash.jsp
#

---------------  T H R E A D  ---------------

Current thread (0x0000000002298000):  JavaThread "Unknown thread" [_thread_in_vm, id=8288, stack(0x0000000002600000,0x0000000002700000)]

Stack: [0x0000000002600000,0x0000000002700000]
[error occurred during error reporting (printing stack bounds), id 0xc0000005]


---------------  P R O C E S S  ---------------

Java Threads: ( => current thread )

Other Threads:

=>0x0000000002298000 (exited) JavaThread "Unknown thread" [_thread_in_vm, id=8288, stack(0x0000000002600000,0x0000000002700000)]

VM state:not at safepoint (not fully initialized)

VM Mutex/Monitor currently owned by a thread: None

GC Heap History (0 events):
No events

Deoptimization events (0 events):
No events

Internal exceptions (0 events):
No events

Events (10 events):
Event: 0.209 loading class 0x00000000022e2190 done
Event: 0.210 loading class 0x00000000022e1b90 done
Event: 0.210 loading class 0x00000000022e1b70
Event: 0.210 loading class 0x00000000022e9ce0
Event: 0.210 loading class 0x00000000022e9ce0 done
Event: 0.210 loading class 0x00000000022e9d10
Event: 0.210 loading class 0x00000000022e9d10 done
Event: 0.210 loading class 0x00000000022e9d40
Event: 0.210 loading class 0x00000000022e9d40 done
Event: 0.210 loading class 0x00000000022e1b70 done


Dynamic libraries:
0x000000013fac0000 - 0x000000013faf3000 	C:\Program Files\Java\jre7\bin\javaw.exe
0x0000000076de0000 - 0x0000000076f8a000 	C:\Windows\SYSTEM32\ntdll.dll
0x0000000076bc0000 - 0x0000000076cdf000 	C:\Windows\system32\kernel32.dll
0x000007fefcbb0000 - 0x000007fefcc1a000 	C:\Windows\system32\KERNELBASE.dll
0x000007fefd260000 - 0x000007fefd33b000 	C:\Windows\system32\ADVAPI32.dll
0x000007fefed80000 - 0x000007fefee1f000 	C:\Windows\system32\msvcrt.dll
0x000007fefd3e0000 - 0x000007fefd3ff000 	C:\Windows\SYSTEM32\sechost.dll
0x000007fefd700000 - 0x000007fefd82d000 	C:\Windows\system32\RPCRT4.dll
0x0000000076ce0000 - 0x0000000076dda000 	C:\Windows\system32\USER32.dll
0x000007fefd690000 - 0x000007fefd6f7000 	C:\Windows\system32\GDI32.dll
0x000007fefeb60000 - 0x000007fefeb6e000 	C:\Windows\system32\LPK.dll
0x000007fefd410000 - 0x000007fefd4db000 	C:\Windows\system32\USP10.dll
0x000007fefbb00000 - 0x000007fefbcf4000 	C:\Windows\WinSxS\amd64_microsoft.windows.common-controls_6595b64144ccf1df_6.0.7601.17514_none_fa396087175ac9ac\COMCTL32.dll
0x000007fefd610000 - 0x000007fefd681000 	C:\Windows\system32\SHLWAPI.dll
0x000007fefda10000 - 0x000007fefda3e000 	C:\Windows\system32\IMM32.DLL
0x000007fefd4e0000 - 0x000007fefd5e9000 	C:\Windows\system32\MSCTF.dll
0x0000000052230000 - 0x0000000052302000 	C:\Program Files\Java\jre7\bin\msvcr100.dll
0x000000006e0d0000 - 0x000000006e8a9000 	C:\Program Files\Java\jre7\bin\server\jvm.dll
0x000007fef8a90000 - 0x000007fef8a99000 	C:\Windows\system32\WSOCK32.dll
0x000007fefeb70000 - 0x000007fefebbd000 	C:\Windows\system32\WS2_32.dll
0x000007fefd400000 - 0x000007fefd408000 	C:\Windows\system32\NSI.dll
0x000007fefa360000 - 0x000007fefa39b000 	C:\Windows\system32\WINMM.dll
0x0000000076fa0000 - 0x0000000076fa7000 	C:\Windows\system32\PSAPI.DLL
0x000000006c280000 - 0x000000006c28f000 	C:\Program Files\Java\jre7\bin\verify.dll
0x000000006b270000 - 0x000000006b298000 	C:\Program Files\Java\jre7\bin\java.dll
0x000000006b250000 - 0x000000006b266000 	C:\Program Files\Java\jre7\bin\zip.dll

VM Arguments:
jvm_args: -Dfile.encoding=GBK -Xbootclasspath:D:\adt-bundle-windows-x86_64-20131030\sdk\platforms\android-19\android.jar 
java_command: com.exam.longtian.util.TestDemo
Launcher Type: SUN_STANDARD

Environment Variables:
JAVA_HOME=D:\java\jdk1.7.0_80
CLASSPATH=.;D:\java\jdk1.7.0_80\lib;D:\java\jdk1.7.0_80\lib\tools.jar
USERNAME=Administrator
OS=Windows_NT
PROCESSOR_IDENTIFIER=Intel64 Family 6 Model 60 Stepping 3, GenuineIntel



---------------  S Y S T E M  ---------------

OS: Windows 7 , 64 bit Build 7601 Service Pack 1

CPU:total 4 (4 cores per cpu, 1 threads per core) family 6 model 60 stepping 3, cmov, cx8, fxsr, mmx, sse, sse2, sse3, ssse3, sse4.1, sse4.2, popcnt, avx, avx2, aes, erms, tsc, tscinvbit

Memory: 4k page, physical 8286700k(1697616k free), swap 16571540k(7907688k free)

vm_info: Java HotSpot(TM) 64-Bit Server VM (24.80-b11) for windows-amd64 JRE (1.7.0_80-b15), built on Apr 10 2015 11:26:34 by "java_re" with unknown MS VC++:1600

time: Thu Jan 25 17:25:20 2018
elapsed time: 0 seconds

